<?xml version="1.0" encoding="UTF-8"?>
<!-- Generated by org.testng.reporters.JUnitReportReporter -->
<testsuite hostname="LP009302" failures="0" tests="1" name="testcases.CustomerMenuTest" time="23.328" errors="0" timestamp="2023-05-06T20:14:45 IST" skipped="0">
  <testcase classname="testcases.CustomerMenuTest" name="verifyAddCustomer" time="23.328"/>
  <system-out/>
</testsuite> <!-- testcases.CustomerMenuTest -->
