<?xml version="1.0" encoding="UTF-8"?>
<!-- Generated by org.testng.reporters.JUnitReportReporter -->
<testsuite hostname="LAPTOP-AJMA78HC" failures="0" tests="1" name="testcases.CustomerMenuTest" time="19.978" errors="0" timestamp="2023-05-06T22:50:33 IST" skipped="0">
  <testcase classname="testcases.CustomerMenuTest" name="verifyAddCustomer" time="19.978"/>
  <system-out/>
</testsuite> <!-- testcases.CustomerMenuTest -->
