<?xml version="1.0" encoding="UTF-8"?>
<!-- Generated by org.testng.reporters.JUnitReportReporter -->
<testsuite hostname="LP009302" failures="0" tests="1" name="testcases.ExcelDataTest" time="0.000" errors="0" timestamp="2023-02-06T16:23:36 IST" skipped="1">
  <testcase classname="testcases.ExcelDataTest" name="test1" time="0.000">
    <skipped/>
  </testcase> <!-- test1 -->
  <system-out/>
</testsuite> <!-- testcases.ExcelDataTest -->
